Strikes just renamed the file: '.DS_Store' into: 'Shitty.DS_Store'
Strikes just created the directory: 
Strikes just created the directory: isDir
Strikes just renamed the file: 'isDir' into: 'RenameDir'
test just uploaded a file called Capture dՎcran (63).png
test just move the file: Capture dՎcran (63).png from: upload/test to: upload/test
test just move the file: Capture dՎcran (63).png from: upload/test to: upload/testfolder
test just move the file: Capture dՎcran (63).png from: upload/test to: upload/testfolder
test just move the file: Capture dՎcran (63).png from: upload/test to: upload/testfolder
test just move the file: Capture dՎcran (63).png from: upload/test to: upload/testfolder
test just move the file: Capture dՎcran (63).png from: upload/test to: upload/test/1452
test just move the file: Capture dՎcran (63).png from: upload/test to: upload/test/1452
test just move the file: Capture dՎcran (63).png from: upload/test to: upload/test/1452
test just move the file: Capture dՎcran (63).png from: upload/test to: upload/test/dirtest
test just move the file: Capture dՎcran (63).png from: upload/test to: upload/test/1452
test just move the file: Capture dՎcran (63).png from: upload/test to: upload/test/1452
test just move the file: Capture dՎcran (63).png from: upload/test to: upload/test/1452
test just move the file: Capture dՎcran (63).png from: upload/test to: upload/test/1452
test just move the file: Capture dՎcran (63).png from: upload/test to: upload/test/dirtest
test just move the file: Capture dՎcran (63).png from: upload/test to: upload/test/1452
test just move the file: Capture dՎcran (63).png from: upload/test to: upload/test/1452
test just move the file: dirtest from: upload/test to: upload/test/dirtest
test just move the file: dirtest from: upload/test to: upload/test/1452
test just uploaded a file called badinca-kevin-cv.pdf
test just created the directory: my cv
test just move the file: badinca-kevin-cv.pdf from: upload/test to: upload/test/my cv
test just created the directory: dir test
test just uploaded a file called baby-blog.sql
test just renamed the file: 'my cv' into: 'my cv dir'
test just move the file: baby-blog.sql from: upload/test to: upload/test/dir test
test just uploaded a file called badinca-kevin-cv.pdf
test just move the file: badinca-kevin-cv.pdf from: upload/test to: upload/test/dir test
test just deleted the file baby-blog.sql
test just deleted the directory dir test
test just deleted the directory my cv dir
test just uploaded a file called CARRIERE - Mail de motivation.pdf
test just uploaded a file called badinca-kevin-cv.pdf
test just created the directory: My directory
test just move the file: My directory from: upload/test to: upload/test/My directory
test just move the file: My directory from: upload/test to: upload/test/My directory
test just move the file: badinca-kevin-cv.pdf from: upload/test to: upload/test/My directory
test just uploaded a file called icons8-Nuage-64.png
test just move the file: icons8-Nuage-64.png from: upload/test to: upload/test/My directory
test just uploaded a file called icons8-Nuage-64.png
test just created the directory: louis dir
test just move the file: icons8-Nuage-64.png from: upload/test to: upload/test/louis dir
test just move the file: louis dir from: upload/test to: upload/test/louis dir
test just move the file: louis dir from: upload/test to: upload/test/My directory
test just deleted the file icons8-Nuage-64.png
test just downloaded the file icons8-Nuage-64.png
test just renamed the file: 'badinca-kevin-cv.pdf' into: 'test'
aron77 just uploaded a file called header.png
aron77 just created the directory: image dir
aron77 just move the file: header.png from: upload/aron77 to: upload/aron77/image dir
aron77 just deleted the file header.png
aron77 just deleted the file header.png
aron77 just uploaded a file called portfolioPhoto5.png
aron77 just renamed the file: 'portfolioPhoto5.png' into: 'oui'
aron77 just deleted the file oui
aron77 just deleted the file header.png
aron77 just renamed the file: 'header.png' into: 'test'
aron77 just downloaded the file header.png
aron77 just deleted the directory image dir
aron77 just created the directory: kevin/aron
aron77 just deleted the directory kevin
aron77 just created the directory: kevin/../aron
aron77 just deleted the directory aron
aron77 just deleted the directory kevin
aron77 just deleted the directory kevin
aron77 just deleted the directory kevin
aron77 just deleted the directory kevin
aron77 just deleted the directory kevin
aron77 just deleted the directory kevin
aron77 just deleted the directory kevin
aron77 just deleted the directory kevin
aron77 just deleted the directory kevin
aron77 just deleted the directory kevin
aron77 just deleted the directory kevin
aron77 just deleted the directory kevin
aron77 just deleted the directory kevin
aron77 just deleted the directory kevin
aron77 just deleted the directory kevin
aron77 just deleted the directory kevin
aron77 just deleted the directory kevin
aron77 just deleted the directory kevin
aron77 just deleted the directory kevin
aron77 just deleted the directory kevin
aron77 just deleted the directory kevin
aron77 just uploaded a file called portfolioPhoto2.png
aron77 just renamed the file: 'portfolioPhoto2.png' into: '../tmort'
aron77 just uploaded a file called instant.png
aron77 just renamed the file: 'instant.png' into: '../../virus.html'
aron77 just created the directory: t/mort/kevin
aron77 just deleted the file mort
aron77 just uploaded a file called header.png
aron77 just renamed the file: 'header.png' into: '../../onEstDansLaMerde'
