Strikes tried to upload CV-pic.jpg but it already exists
Strikes tried to upload CV-pic.jpg but it already exists
Strikes tried to upload CV-pic.jpg but it already exists
Strikes tried to upload CV-pic.jpg but it already exists
Strikes tried to upload CV-pic.jpg but it already exists
Strikes tried to upload CV-pic.jpg but it already exists
Strikes tried to upload CV-pic.jpg but it already exists
Strikes tried to upload CV-pic.jpg but it already exists
Strikes tried to upload CV-pic.jpg but it already exists
Strikes tried to upload CV-pic.jpg but it already exists
Strikes tried to upload CV-pic.jpg but it already exists
Strikes tried to upload CV-pic.jpg but it already exists
Strikes tried to upload CV-pic.jpg but it already exists
Strikes tried to upload CV-pic.jpg but it already exists
Strikes tried to upload CV-pic.jpg but it already exists
Strikes tried to upload CV-pic.jpg but it already exists
Strikes tried to upload CV-pic.jpg but it already exists
Strikes tried to upload CV-pic.jpg but it already exists
Strikes tried to upload CV-pic.jpg but it already exists
Strikes tried to upload  but it already exists
Strikes tried to upload readme.txt but it already exists
Strikes tried to upload readme.txt but it already exists
Strikes tried to create the directory:  but it already exists
Strikes tried to upload GPL.txt but it already exists
Strikes tried to upload GPL.txt but it already exists
Strikes tried to upload GPL.txt but it already exists
Strikes tried to upload README_License.txt but it already exists
Strikes tried to upload GPL.txt but it already exists
Strikes tried to upload GPL.txt but it already exists
Strikes tried to upload GPL.txt but it already exists
Strikes tried to upload GPL.txt but it already exists
Strikes tried to upload GPL.txt but it already exists
